This is pdfTeX, Version 3.1415926-2.4-1.40.13 (TeX Live 2012)
 restricted \write18 enabled.
entering extended mode
(./_formulas.tex
LaTeX2e <2011/06/27>
Babel <v3.8m> and hyphenation patterns for english, dumylang, nohyphenation, ge
rman-x-2012-05-30, ngerman-x-2012-05-30, afrikaans, ancientgreek, ibycus, arabi
c, armenian, basque, bulgarian, catalan, pinyin, coptic, croatian, czech, danis
h, dutch, ukenglish, usenglishmax, esperanto, estonian, ethiopic, farsi, finnis
h, french, friulan, galician, german, ngerman, swissgerman, monogreek, greek, h
ungarian, icelandic, assamese, bengali, gujarati, hindi, kannada, malayalam, ma
rathi, oriya, panjabi, tamil, telugu, indonesian, interlingua, irish, italian, 
kurmanji, latin, latvian, lithuanian, mongolian, mongolianlmc, bokmal, nynorsk,
 polish, portuguese, romanian, romansh, russian, sanskrit, serbian, serbianc, s
lovak, slovenian, spanish, swedish, turkish, turkmen, ukrainian, uppersorbian, 
welsh, loaded.
(/usr/local/texlive/2012/texmf-dist/tex/latex/base/article.cls
Document Class: article 2007/10/19 v1.4h Standard LaTeX document class
(/usr/local/texlive/2012/texmf-dist/tex/latex/base/size10.clo))
(/usr/local/texlive/2012/texmf-dist/tex/latex/graphics/epsfig.sty
(/usr/local/texlive/2012/texmf-dist/tex/latex/graphics/graphicx.sty
(/usr/local/texlive/2012/texmf-dist/tex/latex/graphics/keyval.sty)
(/usr/local/texlive/2012/texmf-dist/tex/latex/graphics/graphics.sty
(/usr/local/texlive/2012/texmf-dist/tex/latex/graphics/trig.sty)
(/usr/local/texlive/2012/texmf-dist/tex/latex/latexconfig/graphics.cfg)
(/usr/local/texlive/2012/texmf-dist/tex/latex/graphics/dvips.def))))
(/usr/local/texlive/2012/texmf-dist/tex/latex/amsmath/amsmath.sty
For additional information on amsmath, use the `?' option.
(/usr/local/texlive/2012/texmf-dist/tex/latex/amsmath/amstext.sty
(/usr/local/texlive/2012/texmf-dist/tex/latex/amsmath/amsgen.sty))
(/usr/local/texlive/2012/texmf-dist/tex/latex/amsmath/amsbsy.sty)
(/usr/local/texlive/2012/texmf-dist/tex/latex/amsmath/amsopn.sty))
(/usr/local/texlive/2012/texmf-dist/tex/latex/amsfonts/amsfonts.sty)
(/usr/local/texlive/2012/texmf-dist/tex/latex/pgf/frontendlayer/tikz.sty
(/usr/local/texlive/2012/texmf-dist/tex/latex/pgf/basiclayer/pgf.sty
(/usr/local/texlive/2012/texmf-dist/tex/latex/pgf/utilities/pgfrcs.sty
(/usr/local/texlive/2012/texmf-dist/tex/generic/pgf/utilities/pgfutil-common.te
x)
(/usr/local/texlive/2012/texmf-dist/tex/generic/pgf/utilities/pgfutil-latex.def
(/usr/local/texlive/2012/texmf-dist/tex/latex/ms/everyshi.sty))
(/usr/local/texlive/2012/texmf-dist/tex/generic/pgf/utilities/pgfrcs.code.tex))
(/usr/local/texlive/2012/texmf-dist/tex/latex/pgf/basiclayer/pgfcore.sty
(/usr/local/texlive/2012/texmf-dist/tex/latex/pgf/systemlayer/pgfsys.sty
(/usr/local/texlive/2012/texmf-dist/tex/generic/pgf/systemlayer/pgfsys.code.tex
(/usr/local/texlive/2012/texmf-dist/tex/generic/pgf/utilities/pgfkeys.code.tex
(/usr/local/texlive/2012/texmf-dist/tex/generic/pgf/utilities/pgfkeysfiltered.c
ode.tex))
(/usr/local/texlive/2012/texmf-dist/tex/generic/pgf/systemlayer/pgf.cfg)
(/usr/local/texlive/2012/texmf-dist/tex/generic/pgf/systemlayer/pgfsys-dvips.de
f
(/usr/local/texlive/2012/texmf-dist/tex/generic/pgf/systemlayer/pgfsys-common-p
ostscript.def)))
(/usr/local/texlive/2012/texmf-dist/tex/generic/pgf/systemlayer/pgfsyssoftpath.
code.tex)
(/usr/local/texlive/2012/texmf-dist/tex/generic/pgf/systemlayer/pgfsysprotocol.
code.tex)) (/usr/local/texlive/2012/texmf-dist/tex/latex/xcolor/xcolor.sty
(/usr/local/texlive/2012/texmf-dist/tex/latex/latexconfig/color.cfg))
(/usr/local/texlive/2012/texmf-dist/tex/generic/pgf/basiclayer/pgfcore.code.tex
(/usr/local/texlive/2012/texmf-dist/tex/generic/pgf/math/pgfmath.code.tex
(/usr/local/texlive/2012/texmf-dist/tex/generic/pgf/math/pgfmathcalc.code.tex
(/usr/local/texlive/2012/texmf-dist/tex/generic/pgf/math/pgfmathutil.code.tex)
(/usr/local/texlive/2012/texmf-dist/tex/generic/pgf/math/pgfmathparser.code.tex
)
(/usr/local/texlive/2012/texmf-dist/tex/generic/pgf/math/pgfmathfunctions.code.
tex
(/usr/local/texlive/2012/texmf-dist/tex/generic/pgf/math/pgfmathfunctions.basic
.code.tex)
(/usr/local/texlive/2012/texmf-dist/tex/generic/pgf/math/pgfmathfunctions.trigo
nometric.code.tex)
(/usr/local/texlive/2012/texmf-dist/tex/generic/pgf/math/pgfmathfunctions.rando
m.code.tex)
(/usr/local/texlive/2012/texmf-dist/tex/generic/pgf/math/pgfmathfunctions.compa
rison.code.tex)
(/usr/local/texlive/2012/texmf-dist/tex/generic/pgf/math/pgfmathfunctions.base.
code.tex)
(/usr/local/texlive/2012/texmf-dist/tex/generic/pgf/math/pgfmathfunctions.round
.code.tex)
(/usr/local/texlive/2012/texmf-dist/tex/generic/pgf/math/pgfmathfunctions.misc.
code.tex)))
(/usr/local/texlive/2012/texmf-dist/tex/generic/pgf/math/pgfmathfloat.code.tex)
)
(/usr/local/texlive/2012/texmf-dist/tex/generic/pgf/basiclayer/pgfcorepoints.co
de.tex)
(/usr/local/texlive/2012/texmf-dist/tex/generic/pgf/basiclayer/pgfcorepathconst
ruct.code.tex)
(/usr/local/texlive/2012/texmf-dist/tex/generic/pgf/basiclayer/pgfcorepathusage
.code.tex)
(/usr/local/texlive/2012/texmf-dist/tex/generic/pgf/basiclayer/pgfcorescopes.co
de.tex)
(/usr/local/texlive/2012/texmf-dist/tex/generic/pgf/basiclayer/pgfcoregraphicst
ate.code.tex)
(/usr/local/texlive/2012/texmf-dist/tex/generic/pgf/basiclayer/pgfcoretransform
ations.code.tex)
(/usr/local/texlive/2012/texmf-dist/tex/generic/pgf/basiclayer/pgfcorequick.cod
e.tex)
(/usr/local/texlive/2012/texmf-dist/tex/generic/pgf/basiclayer/pgfcoreobjects.c
ode.tex)
(/usr/local/texlive/2012/texmf-dist/tex/generic/pgf/basiclayer/pgfcorepathproce
ssing.code.tex)
(/usr/local/texlive/2012/texmf-dist/tex/generic/pgf/basiclayer/pgfcorearrows.co
de.tex)
(/usr/local/texlive/2012/texmf-dist/tex/generic/pgf/basiclayer/pgfcoreshade.cod
e.tex)
(/usr/local/texlive/2012/texmf-dist/tex/generic/pgf/basiclayer/pgfcoreimage.cod
e.tex
(/usr/local/texlive/2012/texmf-dist/tex/generic/pgf/basiclayer/pgfcoreexternal.
code.tex))
(/usr/local/texlive/2012/texmf-dist/tex/generic/pgf/basiclayer/pgfcorelayers.co
de.tex)
(/usr/local/texlive/2012/texmf-dist/tex/generic/pgf/basiclayer/pgfcoretranspare
ncy.code.tex)
(/usr/local/texlive/2012/texmf-dist/tex/generic/pgf/basiclayer/pgfcorepatterns.
code.tex)))
(/usr/local/texlive/2012/texmf-dist/tex/generic/pgf/modules/pgfmoduleshapes.cod
e.tex)
(/usr/local/texlive/2012/texmf-dist/tex/generic/pgf/modules/pgfmoduleplot.code.
tex)
(/usr/local/texlive/2012/texmf-dist/tex/latex/pgf/compatibility/pgfcomp-version
-0-65.sty)
(/usr/local/texlive/2012/texmf-dist/tex/latex/pgf/compatibility/pgfcomp-version
-1-18.sty))
(/usr/local/texlive/2012/texmf-dist/tex/latex/pgf/utilities/pgffor.sty
(/usr/local/texlive/2012/texmf-dist/tex/latex/pgf/utilities/pgfkeys.sty
(/usr/local/texlive/2012/texmf-dist/tex/generic/pgf/utilities/pgfkeys.code.tex)
) (/usr/local/texlive/2012/texmf-dist/tex/generic/pgf/utilities/pgffor.code.tex
))
(/usr/local/texlive/2012/texmf-dist/tex/generic/pgf/frontendlayer/tikz/tikz.cod
e.tex
(/usr/local/texlive/2012/texmf-dist/tex/generic/pgf/libraries/pgflibraryplothan
dlers.code.tex)
(/usr/local/texlive/2012/texmf-dist/tex/generic/pgf/modules/pgfmodulematrix.cod
e.tex)
(/usr/local/texlive/2012/texmf-dist/tex/generic/pgf/frontendlayer/tikz/librarie
s/tikzlibrarytopaths.code.tex)))
No file _formulas.aux.
ABD: EveryShipout initializing macros
(/usr/local/texlive/2012/texmf-dist/tex/latex/amsfonts/umsa.fd)
(/usr/local/texlive/2012/texmf-dist/tex/latex/amsfonts/umsb.fd) [1] [2]
[3] [4] [5] [6] [7] [8] [9] [10] [11] [12] [13] [14] [15] [16] [17] [18]
[19] [20] [21] [22] [23] [24] [25] [26] [27] [28] [29] [30] [31] [32] [33]
[34] [35] [36] [37] [38] [39] [40] [41] [42] [43] [44] [45] [46] [47] [48]
[49] [50] (./_formulas.aux) )
Output written on _formulas.dvi (50 pages, 18404 bytes).
Transcript written on _formulas.log.
Searching for include files...
Searching for example files...
Searching for images...
Searching for files in directory /Users/sck/cuda-2015/sci-tmp/SciPAL/testsite/step-1/doc/images
Searching for files in directory /Users/sck/cuda-2015/sci-tmp/SciPAL/testsite/step-2/doc/images
Searching for files in directory /Users/sck/cuda-2015/sci-tmp/SciPAL/testsite/step-27/doc/images
Searching for files in directory /Users/sck/cuda-2015/sci-tmp/SciPAL/testsite/step-28/doc/images
Searching for files in directory /Users/sck/cuda-2015/sci-tmp/SciPAL/testsite/step-35/doc/images
Searching for dot files...
Searching for msc files...
Searching for dia files...
Searching for files to exclude
Searching for files to process...
Searching for files in directory /Users/sck/cuda-2015/sci-tmp/SciPAL/doc/tutorial/doxygen
Reading and parsing tag files
Parsing files
Preprocessing /Users/sck/cuda-2015/sci-tmp/SciPAL/doc/tutorial/doxygen/step-27.h...
Parsing file /Users/sck/cuda-2015/sci-tmp/SciPAL/doc/tutorial/doxygen/step-27.h...
Building group list...
Building directory list...
Building namespace list...
Building file list...
Building class list...
Associating documentation with classes...
Computing nesting relations for classes...
Building example list...
Searching for enumerations...
Searching for documented typedefs...
Searching for members imported via using declarations...
Searching for included using directives...
Searching for documented variables...
Building interface member list...
Building member list...
Searching for friends...
Searching for documented defines...
Computing class inheritance relations...
Computing class usage relations...
Flushing cached template relations that have become invalid...
Creating members for template instances...
Computing class relations...
Add enum values to enums...
Searching for member function documentation...
Building page list...
Search for main page...
Computing page relations...
Determining the scope of groups...
Sorting lists...
Freeing entry tree
Determining which enums are documented
Computing member relations...
Building full member lists recursively...
Adding members to member groups.
Computing member references...
Inheriting documentation...
Generating disk names...
Adding source references...
Adding xrefitems...
Sorting member lists...
Computing dependencies between directories...
Generating citations page...
Counting data structures...
Resolving user defined references...
Finding anchors and sections in the documentation...
Transferring function references...
Combining using relations...
Adding members to index pages...
Generating style sheet...
Generating search indices...
Generating example documentation...
Generating file sources...
Generating code for file /Users/sck/cuda-2015/sci-tmp/SciPAL/doc/tutorial/doxygen/step-27.h...
Generating file documentation...
Generating docs for file /Users/sck/cuda-2015/sci-tmp/SciPAL/doc/tutorial/doxygen/step-27.h...
Generating page documentation...
Generating docs for page step_27...
Generating group documentation...
Generating class documentation...
Generating namespace index...
Generating graph info page...
Generating directory documentation...
Generating bitmaps for formulas in HTML...
Generating image form_0.png for formula
Generating image form_1.png for formula
Generating image form_2.png for formula
Generating image form_3.png for formula
Generating image form_4.png for formula
Generating image form_5.png for formula
Generating image form_6.png for formula
Generating image form_7.png for formula
Generating image form_8.png for formula
Generating image form_9.png for formula
Generating image form_10.png for formula
Generating image form_11.png for formula
Generating image form_12.png for formula
Generating image form_13.png for formula
Generating image form_14.png for formula
Generating image form_15.png for formula
Generating image form_16.png for formula
Generating image form_17.png for formula
Generating image form_18.png for formula
Generating image form_19.png for formula
Generating image form_20.png for formula
Generating image form_21.png for formula
Generating image form_22.png for formula
Generating image form_23.png for formula
Generating image form_24.png for formula
Generating image form_25.png for formula
Generating image form_26.png for formula
Generating image form_27.png for formula
Generating image form_28.png for formula
Generating image form_29.png for formula
Generating image form_30.png for formula
Generating image form_31.png for formula
Generating image form_32.png for formula
Generating image form_33.png for formula
Generating image form_34.png for formula
Generating image form_35.png for formula
Generating image form_36.png for formula
Generating image form_37.png for formula
Generating image form_38.png for formula
Generating image form_39.png for formula
Generating image form_40.png for formula
Generating image form_41.png for formula
Generating image form_42.png for formula
Generating image form_43.png for formula
Generating image form_44.png for formula
Generating image form_45.png for formula
Generating image form_46.png for formula
Generating image form_47.png for formula
Generating image form_48.png for formula
Generating image form_49.png for formula
Generating index page...
Generating page index...
Generating module index...
Generating namespace index...
Generating namespace member index...
Generating annotated compound index...
Generating alphabetical compound index...
Generating hierarchical class index...
Generating member index...
Generating file index...
Generating file member index...
Generating example index...
finalizing index lists...
lookup cache used 0/65536 hits=0 misses=0
finished...
